Mar 14 17:11 : config: option 'device' on line 15 was not recognized
Mar 14 19:20 : config: option 'device' on line 15 was not recognized
Mar 15 15:22 : config: option 'device' on line 15 was not recognized
Mar 15 15:33 : config: option 'device' on line 15 was not recognized
Mar 15 15:54 : config: option 'device' on line 15 was not recognized
Mar 15 16:03 : player: played "Con Calma.mp3"
Mar 15 20:23 : config: option 'device' on line 15 was not recognized
Mar 15 22:45 : player: played "Con Calma.mp3"
Mar 16 11:58 : config: option 'device' on line 15 was not recognized
Mar 16 17:15 : config: option 'device' on line 15 was not recognized
Mar 16 17:33 : player: played "Maan Meri Jaan.mp3"
Mar 16 17:33 : player: played "Tigini.mp3"
Mar 16 17:33 : player: played "Hey Ram.mp3"
Mar 16 17:35 : player: played "Hope.mp3"
Mar 16 19:25 : config: option 'device' on line 15 was not recognized
Mar 16 21:51 : player: played "Calm Down.mp3"
Mar 16 21:53 : config: option 'device' on line 15 was not recognized
Mar 16 21:57 : player: played "Calm Down.mp3"
Mar 17 14:37 : config: option 'device' on line 15 was not recognized
Mar 17 14:46 : player: played "Violin.mp3"
Mar 17 14:49 : player: played "Tigini.mp3"
Mar 17 14:51 : player: played "Tigini.mp3"
Mar 17 14:55 : player: played "Con Calma.mp3"
Mar 17 14:58 : player: played "Bara Bara.mp3"
Mar 17 14:58 : player: played "Con Calma.mp3"
Mar 17 15:01 : player: played "Worth Nothing.mp3"
Mar 17 15:07 : player: played "Jai Shree Ram.mp3"
Mar 17 15:09 : player: played "Bara Bara.mp3"
Mar 17 15:12 : player: played "Nina O.mp3"
Mar 17 15:16 : update: added /Ruth_B_Dandelions.mp3
Mar 17 17:27 : player: played "Ruth_B_Dandelions.mp3"
Mar 17 17:28 : config: option 'device' on line 15 was not recognized
Mar 17 20:47 : player: played "Calm Down.mp3"
Mar 17 20:49 : player: played "Maan Meri Jaan.mp3"
Mar 17 21:16 : config: option 'device' on line 15 was not recognized
Mar 17 21:20 : player: played "Maan Meri Jaan.mp3"
Mar 17 21:24 : player: played "Calm Down.mp3"
Mar 17 21:27 : player: played "Happier.mp3"
Mar 17 21:30 : player: played "Violin.mp3"
Mar 17 21:32 : player: played "Hope.mp3"
Mar 17 21:38 : player: played "Be kind.mp3"
Mar 17 21:45 : player: played "Tigini.mp3"
Mar 17 21:48 : player: played "Con Calma.mp3"
Mar 17 21:52 : player: played "Dura.mp3"
Mar 17 22:00 : player: played "Danza Kuduro.mp3"
Mar 17 22:03 : player: played "Bara Bara.mp3"
Mar 17 22:05 : player: played "Worth Nothing.mp3"
Mar 17 22:11 : player: played "Jai Shree Ram.mp3"
Mar 17 22:13 : player: played "Nina O.mp3"
Mar 17 22:16 : player: played "Kosandra.mp3"
Mar 17 22:24 : player: played "Tu Aake Dekh Le.mp3"
Mar 17 22:28 : player: played "Maan Meri Jaan.mp3"
Mar 17 22:33 : player: played "Maan Meri Jaan.mp3"
Mar 18 00:27 : config: option 'device' on line 15 was not recognized
Mar 18 00:39 : player: played "Maan Meri Jaan.mp3"
Mar 18 14:36 : config: option 'device' on line 15 was not recognized
Mar 18 16:04 : player: played "Maan Meri Jaan.mp3"
Mar 19 11:10 : config: option 'device' on line 15 was not recognized
Mar 19 11:11 : update: updating /Jai Shree Ram.mp3
Mar 19 11:11 : update: updating /Hope.mp3
Mar 19 11:11 : update: updating /Danza Kuduro.mp3
Mar 19 11:11 : update: updating /Violin.mp3
Mar 19 11:11 : update: updating /Tigini.mp3
Mar 19 11:11 : update: updating /Bara Bara.mp3
Mar 19 11:11 : update: updating /Nina O.mp3
Mar 19 11:11 : update: updating /Happier.mp3
Mar 19 11:11 : update: updating /Tu Aake Dekh Le.mp3
Mar 19 11:11 : update: updating /Hey Ram.mp3
Mar 19 11:11 : update: updating /Ruth_B_Dandelions.mp3
Mar 19 11:11 : update: updating /Maan Meri Jaan.mp3
Mar 19 11:11 : update: updating /Be kind.mp3
Mar 19 11:11 : update: updating /Worth Nothing.mp3
Mar 19 11:11 : update: updating /Con Calma.mp3
Mar 19 11:11 : update: updating /Dura.mp3
Mar 19 11:11 : update: updating /Calm Down.mp3
Mar 19 11:11 : update: updating /Kosandra.mp3
Mar 19 11:13 : player: played "Maan Meri Jaan.mp3"
Mar 19 11:13 : update: removing Ruth_B_Dandelions.mp3
Mar 19 11:13 : update: added /Dandelions.mp3
Mar 19 13:17 : player: played "Calm Down.mp3"
Mar 19 13:19 : config: option 'device' on line 15 was not recognized
Mar 19 14:25 : player: played "Calm Down.mp3"
Mar 19 20:57 : config: option 'device' on line 15 was not recognized
Mar 19 22:10 : player: played "Calm Down.mp3"
Mar 19 22:11 : player: played "Bara Bara.mp3"
Mar 19 22:13 : config: option 'device' on line 15 was not recognized
Mar 20 12:47 : config: option 'device' on line 15 was not recognized
Mar 20 13:10 : config: option 'device' on line 15 was not recognized
Mar 20 16:43 : update: added /CowBell Warrior.mp3
Mar 20 16:43 : update: added /Heat Waves.mp3
Mar 20 16:45 : player: played "CowBell Warrior.mp3"
Mar 20 17:00 : update: updating /Jai Shree Ram.mp3
Mar 20 17:00 : update: updating /Hope.mp3
Mar 20 17:00 : update: updating /Danza Kuduro.mp3
Mar 20 17:00 : update: updating /Violin.mp3
Mar 20 17:00 : update: updating /Tigini.mp3
Mar 20 17:00 : update: updating /Bara Bara.mp3
Mar 20 17:00 : update: updating /Nina O.mp3
Mar 20 17:00 : update: updating /Happier.mp3
Mar 20 17:00 : update: updating /Tu Aake Dekh Le.mp3
Mar 20 17:00 : update: updating /Hey Ram.mp3
Mar 20 17:00 : update: updating /Dandelions.mp3
Mar 20 17:00 : update: updating /CowBell Warrior.mp3
Mar 20 17:00 : update: updating /Maan Meri Jaan.mp3
Mar 20 17:00 : update: updating /Be kind.mp3
Mar 20 17:00 : update: updating /Worth Nothing.mp3
Mar 20 17:00 : update: updating /Heat Waves.mp3
Mar 20 17:00 : update: updating /Con Calma.mp3
Mar 20 17:00 : update: updating /Dura.mp3
Mar 20 17:00 : update: updating /Calm Down.mp3
Mar 20 17:00 : update: updating /Kosandra.mp3
Mar 20 17:13 : player: played "CowBell Warrior.mp3"
Mar 20 17:13 : player: played "Calm Down.mp3"
Mar 20 17:14 : player: played "Calm Down.mp3"
Mar 20 17:16 : config: option 'device' on line 15 was not recognized
Mar 20 17:39 : player: played "Calm Down.mp3"
Mar 20 21:10 : config: option 'device' on line 15 was not recognized
Mar 20 21:29 : update: added /555 Budi.mp3
Mar 20 21:29 : update: added /MAYA.mp3
Mar 20 21:29 : update: added /Mood.mp3
Mar 20 21:29 : update: added /Go Down Deh.mp3
Mar 20 21:29 : update: added /GoA Shum.mp3
Mar 20 21:29 : update: added /Unstoppable.mp3
Mar 20 21:29 : update: added /Cheap Thrills.mp3
Mar 20 21:29 : update: added /Its My Life Sri.mp3
Mar 20 21:29 : update: added /Lovely.mp3
Mar 20 21:29 : update: added /Believer.mp3
Mar 20 21:29 : update: added /Sore Point.mp3
Mar 20 21:29 : update: added /LEVELUP.mp3
Mar 20 21:29 : update: added /Waka Waka.mp3
Mar 20 21:29 : update: added /PHUL BUTTE SARI.mp3
Mar 20 21:29 : update: added /Locked Away.mp3
Mar 20 21:30 : update: updating /Jai Shree Ram.mp3
Mar 20 21:30 : update: updating /555 Budi.mp3
Mar 20 21:30 : update: updating /Hope.mp3
Mar 20 21:30 : update: updating /Danza Kuduro.mp3
Mar 20 21:30 : update: updating /MAYA.mp3
Mar 20 21:30 : update: updating /Mood.mp3
Mar 20 21:30 : update: updating /Go Down Deh.mp3
Mar 20 21:30 : update: updating /Violin.mp3
Mar 20 21:30 : update: updating /Tigini.mp3
Mar 20 21:30 : update: updating /Bara Bara.mp3
Mar 20 21:30 : update: updating /Nina O.mp3
Mar 20 21:30 : update: updating /GoA Shum.mp3
Mar 20 21:30 : update: updating /Happier.mp3
Mar 20 21:30 : update: updating /Tu Aake Dekh Le.mp3
Mar 20 21:30 : update: updating /Unstoppable.mp3
Mar 20 21:30 : update: updating /Hey Ram.mp3
Mar 20 21:30 : update: updating /Cheap Thrills.mp3
Mar 20 21:30 : update: updating /Dandelions.mp3
Mar 20 21:30 : update: updating /CowBell Warrior.mp3
Mar 20 21:30 : update: updating /Maan Meri Jaan.mp3
Mar 20 21:30 : update: updating /Its My Life Sri.mp3
Mar 20 21:30 : update: updating /Be kind.mp3
Mar 20 21:30 : update: updating /Worth Nothing.mp3
Mar 20 21:30 : update: updating /Lovely.mp3
Mar 20 21:30 : update: updating /Heat Waves.mp3
Mar 20 21:30 : update: updating /Con Calma.mp3
Mar 20 21:30 : update: updating /Dura.mp3
Mar 20 21:30 : update: updating /Believer.mp3
Mar 20 21:30 : update: updating /Sore Point.mp3
Mar 20 21:30 : update: updating /Calm Down.mp3
Mar 20 21:30 : update: updating /Kosandra.mp3
Mar 20 21:30 : update: updating /LEVELUP.mp3
Mar 20 21:30 : update: updating /Waka Waka.mp3
Mar 20 21:30 : update: updating /PHUL BUTTE SARI.mp3
Mar 20 21:30 : update: updating /Locked Away.mp3
Mar 20 21:31 : player: played "Calm Down.mp3"
Mar 20 21:31 : player: played "Calm Down.mp3"
Mar 20 21:32 : player: played "Tigini.mp3"
Mar 20 21:32 : player: played "Hey Ram.mp3"
Mar 20 21:35 : player: played "Calm Down.mp3"
Mar 20 21:37 : player: played "Tigini.mp3"
Mar 21 13:16 : config: option 'device' on line 15 was not recognized
Mar 21 13:29 : player: played "CowBell Warrior.mp3"
Mar 21 13:33 : player: played "Worth Nothing.mp3"
Mar 21 13:33 : player: played "Waka Waka.mp3"
Mar 21 13:36 : player: played "Tigini.mp3"
